mode: atomic
github.com/giantswarm/kubectl-gs/cmd/login/flag.go:42.41,60.2 14 0
github.com/giantswarm/kubectl-gs/cmd/login/flag.go:62.33,65.16 2 10
github.com/giantswarm/kubectl-gs/cmd/login/flag.go:68.2,68.18 1 10
github.com/giantswarm/kubectl-gs/cmd/login/flag.go:72.2,72.12 1 10
github.com/giantswarm/kubectl-gs/cmd/login/flag.go:65.16,67.3 1 0
github.com/giantswarm/kubectl-gs/cmd/login/flag.go:68.18,70.3 1 0
github.com/giantswarm/kubectl-gs/cmd/login/mc.go:15.90,16.113 1 7
github.com/giantswarm/kubectl-gs/cmd/login/mc.go:16.113,19.3 1 3
github.com/giantswarm/kubectl-gs/cmd/login/mc.go:19.8,19.58 1 4
github.com/giantswarm/kubectl-gs/cmd/login/mc.go:19.58,22.3 1 3
github.com/giantswarm/kubectl-gs/cmd/login/mc.go:22.8,24.117 2 1
github.com/giantswarm/kubectl-gs/cmd/login/mc.go:27.3,27.74 1 1
github.com/giantswarm/kubectl-gs/cmd/login/mc.go:24.117,26.4 1 0
github.com/giantswarm/kubectl-gs/cmd/login/mc.go:33.90,36.16 3 3
github.com/giantswarm/kubectl-gs/cmd/login/mc.go:39.2,40.12 2 1
github.com/giantswarm/kubectl-gs/cmd/login/mc.go:36.16,38.3 1 2
github.com/giantswarm/kubectl-gs/cmd/login/mc.go:45.80,51.35 5 6
github.com/giantswarm/kubectl-gs/cmd/login/mc.go:59.2,59.56 1 2
github.com/giantswarm/kubectl-gs/cmd/login/mc.go:80.2,80.28 1 2
github.com/giantswarm/kubectl-gs/cmd/login/mc.go:86.2,88.12 2 2
github.com/giantswarm/kubectl-gs/cmd/login/mc.go:51.35,53.3 1 0
github.com/giantswarm/kubectl-gs/cmd/login/mc.go:53.8,53.65 1 6
github.com/giantswarm/kubectl-gs/cmd/login/mc.go:53.65,55.3 1 0
github.com/giantswarm/kubectl-gs/cmd/login/mc.go:55.8,55.23 1 6
github.com/giantswarm/kubectl-gs/cmd/login/mc.go:55.23,57.3 1 4
github.com/giantswarm/kubectl-gs/cmd/login/mc.go:59.56,61.17 2 0
github.com/giantswarm/kubectl-gs/cmd/login/mc.go:65.3,66.50 2 0
github.com/giantswarm/kubectl-gs/cmd/login/mc.go:77.3,77.13 1 0
github.com/giantswarm/kubectl-gs/cmd/login/mc.go:61.17,63.4 1 0
github.com/giantswarm/kubectl-gs/cmd/login/mc.go:66.50,72.18 4 0
github.com/giantswarm/kubectl-gs/cmd/login/mc.go:72.18,74.5 1 0
github.com/giantswarm/kubectl-gs/cmd/login/mc.go:80.28,82.3 1 0
github.com/giantswarm/kubectl-gs/cmd/login/mc.go:82.8,82.74 1 2
github.com/giantswarm/kubectl-gs/cmd/login/mc.go:82.74,84.3 1 2
github.com/giantswarm/kubectl-gs/cmd/login/mc.go:93.110,95.40 2 1
github.com/giantswarm/kubectl-gs/cmd/login/mc.go:101.2,101.64 1 0
github.com/giantswarm/kubectl-gs/cmd/login/mc.go:104.2,105.16 2 0
github.com/giantswarm/kubectl-gs/cmd/login/mc.go:109.2,110.36 2 0
github.com/giantswarm/kubectl-gs/cmd/login/mc.go:133.2,133.12 1 0
github.com/giantswarm/kubectl-gs/cmd/login/mc.go:95.40,97.3 1 1
github.com/giantswarm/kubectl-gs/cmd/login/mc.go:97.8,97.23 1 0
github.com/giantswarm/kubectl-gs/cmd/login/mc.go:97.23,99.3 1 0
github.com/giantswarm/kubectl-gs/cmd/login/mc.go:101.64,103.3 1 0
github.com/giantswarm/kubectl-gs/cmd/login/mc.go:105.16,107.3 1 0
github.com/giantswarm/kubectl-gs/cmd/login/mc.go:110.36,113.3 2 0
github.com/giantswarm/kubectl-gs/cmd/login/mc.go:113.8,114.17 1 0
github.com/giantswarm/kubectl-gs/cmd/login/mc.go:124.3,124.40 1 0
github.com/giantswarm/kubectl-gs/cmd/login/mc.go:130.3,131.74 2 0
github.com/giantswarm/kubectl-gs/cmd/login/mc.go:114.17,115.41 1 0
github.com/giantswarm/kubectl-gs/cmd/login/mc.go:115.41,118.5 2 0
github.com/giantswarm/kubectl-gs/cmd/login/mc.go:118.10,121.5 2 0
github.com/giantswarm/kubectl-gs/cmd/login/mc.go:124.40,126.4 1 0
github.com/giantswarm/kubectl-gs/cmd/login/mc.go:126.9,129.4 1 0
github.com/giantswarm/kubectl-gs/cmd/login/mc.go:137.119,141.2 3 4
github.com/giantswarm/kubectl-gs/cmd/login/mc.go:155.2,155.36 1 4
github.com/giantswarm/kubectl-gs/cmd/login/mc.go:168.2,168.31 1 4
github.com/giantswarm/kubectl-gs/cmd/login/mc.go:173.2,173.12 1 4
github.com/giantswarm/kubectl-gs/cmd/login/mc.go:141.2,142.29 1 4
github.com/giantswarm/kubectl-gs/cmd/login/mc.go:142.29,147.4 1 4
github.com/giantswarm/kubectl-gs/cmd/login/mc.go:147.9,149.18 2 0
github.com/giantswarm/kubectl-gs/cmd/login/mc.go:149.18,151.5 1 0
github.com/giantswarm/kubectl-gs/cmd/login/mc.go:155.36,157.17 2 1
github.com/giantswarm/kubectl-gs/cmd/login/mc.go:157.17,159.4 1 0
github.com/giantswarm/kubectl-gs/cmd/login/mc.go:160.8,163.17 2 3
github.com/giantswarm/kubectl-gs/cmd/login/mc.go:163.17,165.4 1 0
github.com/giantswarm/kubectl-gs/cmd/login/mc.go:168.31,170.3 1 0
github.com/giantswarm/kubectl-gs/cmd/login/mc.go:170.8,172.3 1 4
github.com/giantswarm/kubectl-gs/cmd/login/runner.go:41.63,45.16 3 10
github.com/giantswarm/kubectl-gs/cmd/login/runner.go:49.2,51.16 3 10
github.com/giantswarm/kubectl-gs/cmd/login/runner.go:55.2,55.12 1 4
github.com/giantswarm/kubectl-gs/cmd/login/runner.go:45.16,47.3 1 0
github.com/giantswarm/kubectl-gs/cmd/login/runner.go:51.16,53.3 1 6
github.com/giantswarm/kubectl-gs/cmd/login/runner.go:58.84,62.31 2 10
github.com/giantswarm/kubectl-gs/cmd/login/runner.go:74.2,74.30 1 2
github.com/giantswarm/kubectl-gs/cmd/login/runner.go:78.2,78.12 1 2
github.com/giantswarm/kubectl-gs/cmd/login/runner.go:62.31,64.3 1 3
github.com/giantswarm/kubectl-gs/cmd/login/runner.go:64.8,69.17 3 7
github.com/giantswarm/kubectl-gs/cmd/login/runner.go:69.17,71.4 1 5
github.com/giantswarm/kubectl-gs/cmd/login/runner.go:74.30,76.3 1 0
github.com/giantswarm/kubectl-gs/cmd/login/runner.go:81.78,83.16 2 14
github.com/giantswarm/kubectl-gs/cmd/login/runner.go:86.2,86.35 1 14
github.com/giantswarm/kubectl-gs/cmd/login/runner.go:83.16,85.3 1 0
github.com/giantswarm/kubectl-gs/cmd/login/runner.go:89.70,91.16 2 14
github.com/giantswarm/kubectl-gs/cmd/login/runner.go:94.2,102.120 3 14
github.com/giantswarm/kubectl-gs/cmd/login/runner.go:91.16,93.3 1 0
github.com/giantswarm/kubectl-gs/cmd/login/runner.go:105.71,107.16 2 3
github.com/giantswarm/kubectl-gs/cmd/login/runner.go:111.2,114.25 3 3
github.com/giantswarm/kubectl-gs/cmd/login/runner.go:107.16,109.3 1 0
github.com/giantswarm/kubectl-gs/cmd/login/runner.go:115.32,117.50 2 1
github.com/giantswarm/kubectl-gs/cmd/login/runner.go:140.3,143.31 3 1
github.com/giantswarm/kubectl-gs/cmd/login/runner.go:150.3,150.13 1 1
github.com/giantswarm/kubectl-gs/cmd/login/runner.go:152.32,157.13 4 1
github.com/giantswarm/kubectl-gs/cmd/login/runner.go:159.10,160.27 1 1
github.com/giantswarm/kubectl-gs/cmd/login/runner.go:164.3,164.245 1 1
github.com/giantswarm/kubectl-gs/cmd/login/runner.go:117.50,119.15 2 0
github.com/giantswarm/kubectl-gs/cmd/login/runner.go:123.4,124.31 2 0
github.com/giantswarm/kubectl-gs/cmd/login/runner.go:119.15,121.5 1 0
github.com/giantswarm/kubectl-gs/cmd/login/runner.go:124.31,128.19 3 0
github.com/giantswarm/kubectl-gs/cmd/login/runner.go:132.5,132.15 1 0
github.com/giantswarm/kubectl-gs/cmd/login/runner.go:128.19,130.6 1 0
github.com/giantswarm/kubectl-gs/cmd/login/runner.go:133.10,133.25 1 0
github.com/giantswarm/kubectl-gs/cmd/login/runner.go:133.25,135.5 1 0
github.com/giantswarm/kubectl-gs/cmd/login/runner.go:136.9,136.52 1 1
github.com/giantswarm/kubectl-gs/cmd/login/runner.go:136.52,138.4 1 0
github.com/giantswarm/kubectl-gs/cmd/login/runner.go:143.31,145.18 2 0
github.com/giantswarm/kubectl-gs/cmd/login/runner.go:145.18,147.5 1 0
github.com/giantswarm/kubectl-gs/cmd/login/runner.go:160.27,162.4 1 0
github.com/giantswarm/kubectl-gs/cmd/login/command.go:73.49,74.26 1 0
github.com/giantswarm/kubectl-gs/cmd/login/command.go:77.2,77.30 1 0
github.com/giantswarm/kubectl-gs/cmd/login/command.go:80.2,80.35 1 0
github.com/giantswarm/kubectl-gs/cmd/login/command.go:83.2,83.26 1 0
github.com/giantswarm/kubectl-gs/cmd/login/command.go:86.2,86.26 1 0
github.com/giantswarm/kubectl-gs/cmd/login/command.go:90.2,116.15 5 0
github.com/giantswarm/kubectl-gs/cmd/login/command.go:74.26,76.3 1 0
github.com/giantswarm/kubectl-gs/cmd/login/command.go:77.30,79.3 1 0
github.com/giantswarm/kubectl-gs/cmd/login/command.go:80.35,82.3 1 0
github.com/giantswarm/kubectl-gs/cmd/login/command.go:83.26,85.3 1 0
github.com/giantswarm/kubectl-gs/cmd/login/command.go:86.26,88.3 1 0
github.com/giantswarm/kubectl-gs/cmd/login/error.go:10.40,12.2 1 0
github.com/giantswarm/kubectl-gs/cmd/login/error.go:19.38,21.2 1 0
github.com/giantswarm/kubectl-gs/cmd/login/error.go:28.36,30.2 1 0
github.com/giantswarm/kubectl-gs/cmd/login/error.go:37.42,39.2 1 0
github.com/giantswarm/kubectl-gs/cmd/login/error.go:46.35,48.2 1 0
github.com/giantswarm/kubectl-gs/cmd/login/error.go:55.44,57.2 1 0
github.com/giantswarm/kubectl-gs/cmd/login/error.go:64.47,66.2 1 0
github.com/giantswarm/kubectl-gs/cmd/login/error.go:73.43,75.2 1 6
github.com/giantswarm/kubectl-gs/cmd/login/error.go:82.51,84.2 1 0
github.com/giantswarm/kubectl-gs/cmd/login/error.go:91.47,93.2 1 6
github.com/giantswarm/kubectl-gs/cmd/login/error.go:100.49,102.2 1 0
github.com/giantswarm/kubectl-gs/cmd/login/error.go:109.41,111.2 1 6
github.com/giantswarm/kubectl-gs/cmd/login/error.go:118.45,120.2 1 0
github.com/giantswarm/kubectl-gs/cmd/login/error.go:127.52,129.2 1 0
github.com/giantswarm/kubectl-gs/cmd/login/error.go:136.45,138.2 1 0
github.com/giantswarm/kubectl-gs/cmd/login/error.go:145.53,147.2 1 0
github.com/giantswarm/kubectl-gs/cmd/login/error.go:154.40,156.2 1 0
github.com/giantswarm/kubectl-gs/cmd/login/error.go:163.46,165.2 1 0
github.com/giantswarm/kubectl-gs/cmd/login/error.go:172.50,174.2 1 0
github.com/giantswarm/kubectl-gs/cmd/login/error.go:181.41,183.2 1 0
github.com/giantswarm/kubectl-gs/cmd/login/error.go:190.44,192.2 1 0
github.com/giantswarm/kubectl-gs/cmd/login/error.go:199.40,201.2 1 0
github.com/giantswarm/kubectl-gs/cmd/login/error.go:208.40,210.2 1 0
github.com/giantswarm/kubectl-gs/cmd/login/error.go:217.46,219.2 1 0
github.com/giantswarm/kubectl-gs/cmd/login/error.go:226.48,228.2 1 0
github.com/giantswarm/kubectl-gs/cmd/login/oidc.go:40.148,46.2 5 2
github.com/giantswarm/kubectl-gs/cmd/login/oidc.go:57.2,64.16 3 2
github.com/giantswarm/kubectl-gs/cmd/login/oidc.go:69.2,70.2 2 2
github.com/giantswarm/kubectl-gs/cmd/login/oidc.go:78.2,86.16 5 2
github.com/giantswarm/kubectl-gs/cmd/login/oidc.go:92.2,93.36 2 2
github.com/giantswarm/kubectl-gs/cmd/login/oidc.go:99.2,100.2 2 1
github.com/giantswarm/kubectl-gs/cmd/login/oidc.go:112.2,112.24 1 1
github.com/giantswarm/kubectl-gs/cmd/login/oidc.go:46.2,52.17 3 2
github.com/giantswarm/kubectl-gs/cmd/login/oidc.go:52.17,54.4 1 0
github.com/giantswarm/kubectl-gs/cmd/login/oidc.go:64.16,66.3 1 0
github.com/giantswarm/kubectl-gs/cmd/login/oidc.go:70.2,71.19 1 2
github.com/giantswarm/kubectl-gs/cmd/login/oidc.go:71.19,73.4 1 0
github.com/giantswarm/kubectl-gs/cmd/login/oidc.go:73.9,75.4 1 2
github.com/giantswarm/kubectl-gs/cmd/login/oidc.go:86.16,88.3 1 0
github.com/giantswarm/kubectl-gs/cmd/login/oidc.go:93.36,95.3 1 0
github.com/giantswarm/kubectl-gs/cmd/login/oidc.go:95.8,95.23 1 2
github.com/giantswarm/kubectl-gs/cmd/login/oidc.go:95.23,97.3 1 1
github.com/giantswarm/kubectl-gs/cmd/login/oidc.go:100.2,102.10 2 1
github.com/giantswarm/kubectl-gs/cmd/login/oidc.go:106.3,109.33 4 1
github.com/giantswarm/kubectl-gs/cmd/login/oidc.go:102.10,104.4 1 0
github.com/giantswarm/kubectl-gs/cmd/login/oidc.go:117.135,118.75 1 2
github.com/giantswarm/kubectl-gs/cmd/login/oidc.go:118.75,120.17 2 2
github.com/giantswarm/kubectl-gs/cmd/login/oidc.go:132.3,133.17 2 1
github.com/giantswarm/kubectl-gs/cmd/login/oidc.go:137.3,140.18 3 1
github.com/giantswarm/kubectl-gs/cmd/login/oidc.go:120.17,122.19 2 1
github.com/giantswarm/kubectl-gs/cmd/login/oidc.go:126.4,129.48 3 1
github.com/giantswarm/kubectl-gs/cmd/login/oidc.go:122.19,124.5 1 0
github.com/giantswarm/kubectl-gs/cmd/login/oidc.go:133.17,135.4 1 0
github.com/giantswarm/kubectl-gs/cmd/login/oidc.go:144.76,145.76 1 0
github.com/giantswarm/kubectl-gs/cmd/login/oidc.go:149.2,149.81 1 0
github.com/giantswarm/kubectl-gs/cmd/login/oidc.go:153.2,154.16 2 0
github.com/giantswarm/kubectl-gs/cmd/login/oidc.go:158.2,158.12 1 0
github.com/giantswarm/kubectl-gs/cmd/login/oidc.go:145.76,147.3 1 0
github.com/giantswarm/kubectl-gs/cmd/login/oidc.go:149.81,151.3 1 0
github.com/giantswarm/kubectl-gs/cmd/login/oidc.go:154.16,156.3 1 0
github.com/giantswarm/kubectl-gs/cmd/login/wc.go:22.59,25.2 1 0
github.com/giantswarm/kubectl-gs/cmd/login/wc.go:27.69,33.16 4 0
github.com/giantswarm/kubectl-gs/cmd/login/wc.go:37.2,38.16 2 0
github.com/giantswarm/kubectl-gs/cmd/login/wc.go:42.2,43.2 2 0
github.com/giantswarm/kubectl-gs/cmd/login/wc.go:50.2,51.2 2 0
github.com/giantswarm/kubectl-gs/cmd/login/wc.go:61.2,62.2 2 0
github.com/giantswarm/kubectl-gs/cmd/login/wc.go:72.2,73.2 2 0
github.com/giantswarm/kubectl-gs/cmd/login/wc.go:80.2,81.2 2 0
github.com/giantswarm/kubectl-gs/cmd/login/wc.go:91.2,92.2 2 0
github.com/giantswarm/kubectl-gs/cmd/login/wc.go:118.2,119.16 2 0
github.com/giantswarm/kubectl-gs/cmd/login/wc.go:123.2,124.16 2 0
github.com/giantswarm/kubectl-gs/cmd/login/wc.go:128.2,129.16 2 0
github.com/giantswarm/kubectl-gs/cmd/login/wc.go:133.2,145.16 3 0
github.com/giantswarm/kubectl-gs/cmd/login/wc.go:150.2,151.16 2 0
github.com/giantswarm/kubectl-gs/cmd/login/wc.go:156.2,158.36 3 0
github.com/giantswarm/kubectl-gs/cmd/login/wc.go:171.2,172.16 2 0
github.com/giantswarm/kubectl-gs/cmd/login/wc.go:176.2,178.36 2 0
github.com/giantswarm/kubectl-gs/cmd/login/wc.go:193.2,193.12 1 0
github.com/giantswarm/kubectl-gs/cmd/login/wc.go:33.16,35.3 1 0
github.com/giantswarm/kubectl-gs/cmd/login/wc.go:38.16,40.3 1 0
github.com/giantswarm/kubectl-gs/cmd/login/wc.go:43.2,45.17 2 0
github.com/giantswarm/kubectl-gs/cmd/login/wc.go:45.17,47.4 1 0
github.com/giantswarm/kubectl-gs/cmd/login/wc.go:51.2,56.17 3 0
github.com/giantswarm/kubectl-gs/cmd/login/wc.go:56.17,58.4 1 0
github.com/giantswarm/kubectl-gs/cmd/login/wc.go:62.2,67.17 3 0
github.com/giantswarm/kubectl-gs/cmd/login/wc.go:67.17,69.4 1 0
github.com/giantswarm/kubectl-gs/cmd/login/wc.go:73.2,78.3 2 0
github.com/giantswarm/kubectl-gs/cmd/login/wc.go:81.2,86.17 3 0
github.com/giantswarm/kubectl-gs/cmd/login/wc.go:86.17,88.4 1 0
github.com/giantswarm/kubectl-gs/cmd/login/wc.go:92.2,94.37 2 0
github.com/giantswarm/kubectl-gs/cmd/login/wc.go:108.3,108.33 1 0
github.com/giantswarm/kubectl-gs/cmd/login/wc.go:112.3,113.17 2 0
github.com/giantswarm/kubectl-gs/cmd/login/wc.go:94.37,96.18 2 0
github.com/giantswarm/kubectl-gs/cmd/login/wc.go:100.4,100.49 1 0
github.com/giantswarm/kubectl-gs/cmd/login/wc.go:96.18,98.5 1 0
github.com/giantswarm/kubectl-gs/cmd/login/wc.go:101.9,103.18 2 0
github.com/giantswarm/kubectl-gs/cmd/login/wc.go:103.18,105.5 1 0
github.com/giantswarm/kubectl-gs/cmd/login/wc.go:108.33,110.4 1 0
github.com/giantswarm/kubectl-gs/cmd/login/wc.go:113.17,115.4 1 0
github.com/giantswarm/kubectl-gs/cmd/login/wc.go:119.16,121.3 1 0
github.com/giantswarm/kubectl-gs/cmd/login/wc.go:124.16,126.3 1 0
github.com/giantswarm/kubectl-gs/cmd/login/wc.go:129.16,131.3 1 0
github.com/giantswarm/kubectl-gs/cmd/login/wc.go:145.16,147.3 1 0
github.com/giantswarm/kubectl-gs/cmd/login/wc.go:151.16,153.3 1 0
github.com/giantswarm/kubectl-gs/cmd/login/wc.go:158.36,160.17 2 0
github.com/giantswarm/kubectl-gs/cmd/login/wc.go:160.17,162.4 1 0
github.com/giantswarm/kubectl-gs/cmd/login/wc.go:163.8,165.17 2 0
github.com/giantswarm/kubectl-gs/cmd/login/wc.go:165.17,167.4 1 0
github.com/giantswarm/kubectl-gs/cmd/login/wc.go:172.16,174.3 1 0
github.com/giantswarm/kubectl-gs/cmd/login/wc.go:178.36,181.3 2 0
github.com/giantswarm/kubectl-gs/cmd/login/wc.go:181.8,181.46 1 0
github.com/giantswarm/kubectl-gs/cmd/login/wc.go:181.46,184.3 2 0
github.com/giantswarm/kubectl-gs/cmd/login/wc.go:184.8,184.26 1 0
github.com/giantswarm/kubectl-gs/cmd/login/wc.go:184.26,188.3 3 0
github.com/giantswarm/kubectl-gs/cmd/login/wc.go:188.8,191.3 2 0
github.com/giantswarm/kubectl-gs/cmd/login/wc.go:196.81,198.16 2 0
github.com/giantswarm/kubectl-gs/cmd/login/wc.go:202.2,211.63 5 0
github.com/giantswarm/kubectl-gs/cmd/login/wc.go:198.16,200.3 1 0
github.com/giantswarm/kubectl-gs/cmd/login/auth.go:29.173,31.16 2 3
github.com/giantswarm/kubectl-gs/cmd/login/auth.go:35.2,41.16 5 3
github.com/giantswarm/kubectl-gs/cmd/login/auth.go:114.2,115.16 2 3
github.com/giantswarm/kubectl-gs/cmd/login/auth.go:119.2,119.12 1 3
github.com/giantswarm/kubectl-gs/cmd/login/auth.go:31.16,33.3 1 0
github.com/giantswarm/kubectl-gs/cmd/login/auth.go:41.16,43.3 1 0
github.com/giantswarm/kubectl-gs/cmd/login/auth.go:45.2,48.14 2 3
github.com/giantswarm/kubectl-gs/cmd/login/auth.go:52.3,52.35 1 3
github.com/giantswarm/kubectl-gs/cmd/login/auth.go:67.3,67.44 1 3
github.com/giantswarm/kubectl-gs/cmd/login/auth.go:48.14,50.4 1 3
github.com/giantswarm/kubectl-gs/cmd/login/auth.go:52.35,62.4 1 0
github.com/giantswarm/kubectl-gs/cmd/login/auth.go:62.9,64.4 1 3
github.com/giantswarm/kubectl-gs/cmd/login/auth.go:70.2,73.14 2 3
github.com/giantswarm/kubectl-gs/cmd/login/auth.go:77.3,77.18 1 3
github.com/giantswarm/kubectl-gs/cmd/login/auth.go:83.3,85.17 3 3
github.com/giantswarm/kubectl-gs/cmd/login/auth.go:88.3,91.48 2 3
github.com/giantswarm/kubectl-gs/cmd/login/auth.go:73.14,75.4 1 2
github.com/giantswarm/kubectl-gs/cmd/login/auth.go:77.18,79.4 1 0
github.com/giantswarm/kubectl-gs/cmd/login/auth.go:79.9,81.4 1 3
github.com/giantswarm/kubectl-gs/cmd/login/auth.go:85.17,87.4 1 0
github.com/giantswarm/kubectl-gs/cmd/login/auth.go:94.2,97.14 2 3
github.com/giantswarm/kubectl-gs/cmd/login/auth.go:101.3,108.20 4 3
github.com/giantswarm/kubectl-gs/cmd/login/auth.go:97.14,99.4 1 2
github.com/giantswarm/kubectl-gs/cmd/login/auth.go:108.20,111.4 1 2
github.com/giantswarm/kubectl-gs/cmd/login/auth.go:115.16,117.3 1 0
github.com/giantswarm/kubectl-gs/cmd/login/auth.go:124.170,131.16 5 1
github.com/giantswarm/kubectl-gs/cmd/login/auth.go:135.2,136.2 2 1
github.com/giantswarm/kubectl-gs/cmd/login/auth.go:144.2,145.2 2 1
github.com/giantswarm/kubectl-gs/cmd/login/auth.go:152.2,153.2 2 1
github.com/giantswarm/kubectl-gs/cmd/login/auth.go:169.2,189.55 2 1
github.com/giantswarm/kubectl-gs/cmd/login/auth.go:194.2,195.16 2 1
github.com/giantswarm/kubectl-gs/cmd/login/auth.go:198.2,198.12 1 1
github.com/giantswarm/kubectl-gs/cmd/login/auth.go:131.16,133.3 1 0
github.com/giantswarm/kubectl-gs/cmd/login/auth.go:136.2,137.18 1 1
github.com/giantswarm/kubectl-gs/cmd/login/auth.go:137.18,139.4 1 0
github.com/giantswarm/kubectl-gs/cmd/login/auth.go:139.9,141.4 1 1
github.com/giantswarm/kubectl-gs/cmd/login/auth.go:145.2,147.17 2 1
github.com/giantswarm/kubectl-gs/cmd/login/auth.go:147.17,149.4 1 0
github.com/giantswarm/kubectl-gs/cmd/login/auth.go:153.2,154.35 1 1
github.com/giantswarm/kubectl-gs/cmd/login/auth.go:154.35,164.4 1 0
github.com/giantswarm/kubectl-gs/cmd/login/auth.go:164.9,166.4 1 1
github.com/giantswarm/kubectl-gs/cmd/login/auth.go:189.55,191.3 1 0
github.com/giantswarm/kubectl-gs/cmd/login/auth.go:191.8,191.23 1 1
github.com/giantswarm/kubectl-gs/cmd/login/auth.go:191.23,193.3 1 0
github.com/giantswarm/kubectl-gs/cmd/login/auth.go:195.16,197.3 1 0
github.com/giantswarm/kubectl-gs/cmd/login/auth.go:203.130,205.16 2 6
github.com/giantswarm/kubectl-gs/cmd/login/auth.go:210.2,210.59 1 6
github.com/giantswarm/kubectl-gs/cmd/login/auth.go:214.2,215.49 2 2
github.com/giantswarm/kubectl-gs/cmd/login/auth.go:257.2,257.19 1 2
github.com/giantswarm/kubectl-gs/cmd/login/auth.go:261.2,262.16 2 2
github.com/giantswarm/kubectl-gs/cmd/login/auth.go:266.2,266.12 1 2
github.com/giantswarm/kubectl-gs/cmd/login/auth.go:205.16,207.3 1 0
github.com/giantswarm/kubectl-gs/cmd/login/auth.go:210.59,212.3 1 4
github.com/giantswarm/kubectl-gs/cmd/login/auth.go:215.49,217.14 2 0
github.com/giantswarm/kubectl-gs/cmd/login/auth.go:221.3,222.30 2 0
github.com/giantswarm/kubectl-gs/cmd/login/auth.go:228.3,228.46 1 0
github.com/giantswarm/kubectl-gs/cmd/login/auth.go:232.3,233.3 2 0
github.com/giantswarm/kubectl-gs/cmd/login/auth.go:217.14,219.4 1 0
github.com/giantswarm/kubectl-gs/cmd/login/auth.go:222.30,224.4 1 0
github.com/giantswarm/kubectl-gs/cmd/login/auth.go:224.9,224.24 1 0
github.com/giantswarm/kubectl-gs/cmd/login/auth.go:224.24,226.4 1 0
github.com/giantswarm/kubectl-gs/cmd/login/auth.go:228.46,230.4 1 0
github.com/giantswarm/kubectl-gs/cmd/login/auth.go:233.3,240.18 3 0
github.com/giantswarm/kubectl-gs/cmd/login/auth.go:240.18,242.5 1 0
github.com/giantswarm/kubectl-gs/cmd/login/auth.go:246.3,248.18 2 0
github.com/giantswarm/kubectl-gs/cmd/login/auth.go:251.4,252.42 2 0
github.com/giantswarm/kubectl-gs/cmd/login/auth.go:248.18,250.5 1 0
github.com/giantswarm/kubectl-gs/cmd/login/auth.go:254.8,254.51 1 2
github.com/giantswarm/kubectl-gs/cmd/login/auth.go:254.51,256.3 1 0
github.com/giantswarm/kubectl-gs/cmd/login/auth.go:257.19,259.3 1 2
github.com/giantswarm/kubectl-gs/cmd/login/auth.go:262.16,264.3 1 0
github.com/giantswarm/kubectl-gs/cmd/login/clientcert.go:51.37,58.2 4 0
github.com/giantswarm/kubectl-gs/cmd/login/clientcert.go:60.82,97.2 6 0
github.com/giantswarm/kubectl-gs/cmd/login/clientcert.go:99.135,101.16 2 0
github.com/giantswarm/kubectl-gs/cmd/login/clientcert.go:105.2,106.16 2 0
github.com/giantswarm/kubectl-gs/cmd/login/clientcert.go:110.2,110.24 1 0
github.com/giantswarm/kubectl-gs/cmd/login/clientcert.go:101.16,103.3 1 0
github.com/giantswarm/kubectl-gs/cmd/login/clientcert.go:106.16,108.3 1 0
github.com/giantswarm/kubectl-gs/cmd/login/clientcert.go:115.159,119.20 3 0
github.com/giantswarm/kubectl-gs/cmd/login/clientcert.go:130.2,133.32 3 0
github.com/giantswarm/kubectl-gs/cmd/login/clientcert.go:139.2,139.20 1 0
github.com/giantswarm/kubectl-gs/cmd/login/clientcert.go:119.20,121.33 2 0
github.com/giantswarm/kubectl-gs/cmd/login/clientcert.go:128.3,128.13 1 0
github.com/giantswarm/kubectl-gs/cmd/login/clientcert.go:121.33,124.4 1 0
github.com/giantswarm/kubectl-gs/cmd/login/clientcert.go:124.9,124.24 1 0
github.com/giantswarm/kubectl-gs/cmd/login/clientcert.go:124.24,126.4 1 0
github.com/giantswarm/kubectl-gs/cmd/login/clientcert.go:133.32,135.3 1 0
github.com/giantswarm/kubectl-gs/cmd/login/clientcert.go:135.8,135.23 1 0
github.com/giantswarm/kubectl-gs/cmd/login/clientcert.go:135.23,137.3 1 0
github.com/giantswarm/kubectl-gs/cmd/login/clientcert.go:143.213,145.16 2 0
github.com/giantswarm/kubectl-gs/cmd/login/clientcert.go:149.2,161.2 10 0
github.com/giantswarm/kubectl-gs/cmd/login/clientcert.go:211.2,212.16 2 0
github.com/giantswarm/kubectl-gs/cmd/login/clientcert.go:216.2,216.40 1 0
github.com/giantswarm/kubectl-gs/cmd/login/clientcert.go:145.16,147.3 1 0
github.com/giantswarm/kubectl-gs/cmd/login/clientcert.go:161.2,164.14 2 0
github.com/giantswarm/kubectl-gs/cmd/login/clientcert.go:168.3,172.36 3 0
github.com/giantswarm/kubectl-gs/cmd/login/clientcert.go:164.14,166.4 1 0
github.com/giantswarm/kubectl-gs/cmd/login/clientcert.go:175.2,178.14 2 0
github.com/giantswarm/kubectl-gs/cmd/login/clientcert.go:182.3,186.41 3 0
github.com/giantswarm/kubectl-gs/cmd/login/clientcert.go:178.14,180.4 1 0
github.com/giantswarm/kubectl-gs/cmd/login/clientcert.go:189.2,193.21 3 0
github.com/giantswarm/kubectl-gs/cmd/login/clientcert.go:197.3,204.37 4 0
github.com/giantswarm/kubectl-gs/cmd/login/clientcert.go:193.21,195.4 1 0
github.com/giantswarm/kubectl-gs/cmd/login/clientcert.go:204.37,206.4 1 0
github.com/giantswarm/kubectl-gs/cmd/login/clientcert.go:206.9,206.46 1 0
github.com/giantswarm/kubectl-gs/cmd/login/clientcert.go:206.46,208.4 1 0
github.com/giantswarm/kubectl-gs/cmd/login/clientcert.go:212.16,214.3 1 0
github.com/giantswarm/kubectl-gs/cmd/login/clientcert.go:220.230,222.16 2 0
github.com/giantswarm/kubectl-gs/cmd/login/clientcert.go:226.2,252.55 4 0
github.com/giantswarm/kubectl-gs/cmd/login/clientcert.go:257.2,258.16 2 0
github.com/giantswarm/kubectl-gs/cmd/login/clientcert.go:262.2,262.38 1 0
github.com/giantswarm/kubectl-gs/cmd/login/clientcert.go:270.2,270.32 1 0
github.com/giantswarm/kubectl-gs/cmd/login/clientcert.go:222.16,224.3 1 0
github.com/giantswarm/kubectl-gs/cmd/login/clientcert.go:252.55,254.3 1 0
github.com/giantswarm/kubectl-gs/cmd/login/clientcert.go:254.8,254.23 1 0
github.com/giantswarm/kubectl-gs/cmd/login/clientcert.go:254.23,256.3 1 0
github.com/giantswarm/kubectl-gs/cmd/login/clientcert.go:258.16,260.3 1 0
github.com/giantswarm/kubectl-gs/cmd/login/clientcert.go:262.38,265.17 3 0
github.com/giantswarm/kubectl-gs/cmd/login/clientcert.go:265.17,267.4 1 0
github.com/giantswarm/kubectl-gs/cmd/login/clientcert.go:273.143,275.16 2 0
github.com/giantswarm/kubectl-gs/cmd/login/clientcert.go:279.2,279.12 1 0
github.com/giantswarm/kubectl-gs/cmd/login/clientcert.go:275.16,277.3 1 0
github.com/giantswarm/kubectl-gs/cmd/login/clientcert.go:282.125,284.34 2 0
github.com/giantswarm/kubectl-gs/cmd/login/clientcert.go:290.2,291.24 2 0
github.com/giantswarm/kubectl-gs/cmd/login/clientcert.go:295.2,295.23 1 0
github.com/giantswarm/kubectl-gs/cmd/login/clientcert.go:284.34,286.3 1 0
github.com/giantswarm/kubectl-gs/cmd/login/clientcert.go:286.8,286.23 1 0
github.com/giantswarm/kubectl-gs/cmd/login/clientcert.go:286.23,288.3 1 0
github.com/giantswarm/kubectl-gs/cmd/login/clientcert.go:291.24,293.3 1 0
github.com/giantswarm/kubectl-gs/cmd/login/clientcert.go:298.118,300.37 2 0
github.com/giantswarm/kubectl-gs/cmd/login/clientcert.go:306.2,307.63 2 0
github.com/giantswarm/kubectl-gs/cmd/login/clientcert.go:313.2,313.24 1 0
github.com/giantswarm/kubectl-gs/cmd/login/clientcert.go:300.37,302.3 1 0
github.com/giantswarm/kubectl-gs/cmd/login/clientcert.go:302.8,302.23 1 0
github.com/giantswarm/kubectl-gs/cmd/login/clientcert.go:302.23,304.3 1 0
github.com/giantswarm/kubectl-gs/cmd/login/clientcert.go:307.63,308.49 1 0
github.com/giantswarm/kubectl-gs/cmd/login/clientcert.go:308.49,310.4 1 0
github.com/giantswarm/kubectl-gs/cmd/login/clientcert.go:316.134,324.29 3 0
github.com/giantswarm/kubectl-gs/cmd/login/clientcert.go:332.2,332.34 1 0
github.com/giantswarm/kubectl-gs/cmd/login/clientcert.go:324.29,326.3 1 0
github.com/giantswarm/kubectl-gs/cmd/login/clientcert.go:326.8,326.51 1 0
github.com/giantswarm/kubectl-gs/cmd/login/clientcert.go:326.51,328.3 1 0
github.com/giantswarm/kubectl-gs/cmd/login/clientcert.go:328.8,328.23 1 0
github.com/giantswarm/kubectl-gs/cmd/login/clientcert.go:328.23,330.3 1 0
github.com/giantswarm/kubectl-gs/cmd/login/clientcert.go:335.188,336.26 1 0
github.com/giantswarm/kubectl-gs/cmd/login/clientcert.go:345.2,350.39 4 0
github.com/giantswarm/kubectl-gs/cmd/login/clientcert.go:369.2,374.23 4 0
github.com/giantswarm/kubectl-gs/cmd/login/clientcert.go:378.2,378.25 1 0
github.com/giantswarm/kubectl-gs/cmd/login/clientcert.go:336.26,338.17 2 0
github.com/giantswarm/kubectl-gs/cmd/login/clientcert.go:342.3,342.16 1 0
github.com/giantswarm/kubectl-gs/cmd/login/clientcert.go:338.17,340.4 1 0
github.com/giantswarm/kubectl-gs/cmd/login/clientcert.go:350.39,353.29 2 0
github.com/giantswarm/kubectl-gs/cmd/login/clientcert.go:353.29,357.64 3 0
github.com/giantswarm/kubectl-gs/cmd/login/clientcert.go:365.4,365.19 1 0
github.com/giantswarm/kubectl-gs/cmd/login/clientcert.go:357.64,360.5 1 0
github.com/giantswarm/kubectl-gs/cmd/login/clientcert.go:360.10,360.25 1 0
github.com/giantswarm/kubectl-gs/cmd/login/clientcert.go:360.25,363.5 2 0
github.com/giantswarm/kubectl-gs/cmd/login/clientcert.go:374.23,376.3 1 0
github.com/giantswarm/kubectl-gs/cmd/login/clientcert.go:379.9,380.27 1 0
github.com/giantswarm/kubectl-gs/cmd/login/clientcert.go:382.9,383.344 1 0
github.com/giantswarm/kubectl-gs/cmd/login/clientcert.go:385.10,386.3 1 0
github.com/giantswarm/kubectl-gs/cmd/login/clientcert.go:386.3,391.30 4 0
github.com/giantswarm/kubectl-gs/cmd/login/clientcert.go:402.4,404.77 2 0
github.com/giantswarm/kubectl-gs/cmd/login/clientcert.go:391.30,393.21 2 0
github.com/giantswarm/kubectl-gs/cmd/login/clientcert.go:397.5,399.8 2 0
github.com/giantswarm/kubectl-gs/cmd/login/clientcert.go:393.21,395.6 1 0
github.com/giantswarm/kubectl-gs/cmd/login/clientcert.go:409.97,410.29 1 0
github.com/giantswarm/kubectl-gs/cmd/login/clientcert.go:414.2,415.29 2 0
github.com/giantswarm/kubectl-gs/cmd/login/clientcert.go:420.2,420.13 1 0
github.com/giantswarm/kubectl-gs/cmd/login/clientcert.go:427.2,427.28 1 0
github.com/giantswarm/kubectl-gs/cmd/login/clientcert.go:410.29,412.3 1 0
github.com/giantswarm/kubectl-gs/cmd/login/clientcert.go:415.29,417.3 1 0
github.com/giantswarm/kubectl-gs/cmd/login/clientcert.go:420.13,422.17 2 0
github.com/giantswarm/kubectl-gs/cmd/login/clientcert.go:422.17,424.4 1 0
github.com/giantswarm/kubectl-gs/cmd/login/clientcert.go:430.113,432.29 2 0
github.com/giantswarm/kubectl-gs/cmd/login/clientcert.go:438.2,439.39 2 0
github.com/giantswarm/kubectl-gs/cmd/login/clientcert.go:445.2,445.134 1 0
github.com/giantswarm/kubectl-gs/cmd/login/clientcert.go:432.29,434.3 1 0
github.com/giantswarm/kubectl-gs/cmd/login/clientcert.go:434.8,434.23 1 0
github.com/giantswarm/kubectl-gs/cmd/login/clientcert.go:434.23,436.3 1 0
github.com/giantswarm/kubectl-gs/cmd/login/clientcert.go:439.39,440.40 1 0
github.com/giantswarm/kubectl-gs/cmd/login/clientcert.go:440.40,442.4 1 0
github.com/giantswarm/kubectl-gs/cmd/login/clientcert.go:448.46,449.66 1 0
github.com/giantswarm/kubectl-gs/cmd/login/clientcert.go:453.2,453.143 1 0
github.com/giantswarm/kubectl-gs/cmd/login/clientcert.go:449.66,451.3 1 0
github.com/giantswarm/kubectl-gs/cmd/login/clientcert.go:456.61,458.58 2 0
github.com/giantswarm/kubectl-gs/cmd/login/clientcert.go:462.2,462.33 1 0
github.com/giantswarm/kubectl-gs/cmd/login/clientcert.go:466.2,466.133 1 0
github.com/giantswarm/kubectl-gs/cmd/login/clientcert.go:458.58,460.3 1 0
github.com/giantswarm/kubectl-gs/cmd/login/clientcert.go:462.33,464.3 1 0
